<?xml version="1.0" encoding="UTF-8"?>
<testng-results ignored="0" total="1" passed="1" failed="0" skipped="0">
  <reporter-output>
  </reporter-output>
  <suite started-at="2022-09-27T11:12:08 IST" name="Automation Framework" finished-at="2022-09-27T11:12:08 IST" duration-ms="164">
    <groups>
    </groups>
    <test started-at="2022-09-27T11:12:08 IST" name="Test" finished-at="2022-09-27T11:12:08 IST" duration-ms="164">
      <class name="autoFrame_TestCase.TestCase1">
        <test-method is-config="true" signature="beforeMethod()[pri:0, instance:autoFrame_TestCase.TestCase1@210ab13f]" started-at="2022-09-27T11:12:06 IST" name="beforeMethod" finished-at="2022-09-27T11:12:08 IST" duration-ms="1873" status="PASS">
          <reporter-output>
          </reporter-output>
        </test-method> <!-- beforeMethod -->
        <test-method is-config="true" signature="testMethodName(java.lang.reflect.Method)[pri:0, instance:autoFrame_TestCase.TestCase1@210ab13f]" started-at="2022-09-27T11:12:08 IST" name="testMethodName" finished-at="2022-09-27T11:12:08 IST" duration-ms="4" status="PASS">
          <params>
            <param index="0">
              <value>
                <![CDATA[public void autoFrame_TestCase.TestCase1.testCase1()]]>
              </value>
            </param>
          </params>
          <reporter-output>
          </reporter-output>
        </test-method> <!-- testMethodName -->
        <test-method signature="testCase1()[pri:0, instance:autoFrame_TestCase.TestCase1@210ab13f]" started-at="2022-09-27T11:12:08 IST" name="testCase1" finished-at="2022-09-27T11:12:08 IST" duration-ms="6" status="PASS">
          <reporter-output>
          </reporter-output>
        </test-method> <!-- testCase1 -->
        <test-method is-config="true" signature="getResult(org.testng.ITestResult)[pri:0, instance:autoFrame_TestCase.TestCase1@210ab13f]" started-at="2022-09-27T11:12:08 IST" name="getResult" finished-at="2022-09-27T11:12:08 IST" duration-ms="110" status="PASS">
          <params>
            <param index="0">
              <value>
                <![CDATA[[TestResult name=testCase1 status=SUCCESS method=TestCase1.testCase1()[pri:0, instance:autoFrame_TestCase.TestCase1@210ab13f] output={null}]]]>
              </value>
            </param>
          </params>
          <reporter-output>
          </reporter-output>
        </test-method> <!-- getResult -->
        <test-method is-config="true" signature="SendEmail()[pri:0, instance:autoFrame_TestCase.TestCase1@210ab13f]" started-at="2022-09-27T11:12:08 IST" name="SendEmail" finished-at="2022-09-27T11:12:10 IST" duration-ms="1423" status="PASS">
          <reporter-output>
          </reporter-output>
        </test-method> <!-- SendEmail -->
      </class> <!-- autoFrame_TestCase.TestCase1 -->
    </test> <!-- Test -->
  </suite> <!-- Automation Framework -->
</testng-results>
